This is XeTeX, Version 3.141592653-2.6-0.999996 (TeX Live 2024) (preloaded format=xelatex 2024.9.5)  7 JUN 2025 14:50
entering extended mode
 restricted \write18 enabled.
 file:line:error style messages enabled.
 %&-line parsing enabled.
**c:/Users/lenovo/Desktop/ml_grok/report/report
(c:/Users/lenovo/Desktop/ml_grok/report/report.tex
LaTeX2e <2023-11-01> patch level 1
L3 programming layer <2024-02-20>
(d:/latex/texlive/2024/texmf-dist/tex/latex/base/article.cls
Document Class: article 2023/05/17 v1.4n Standard LaTeX document class
(d:/latex/texlive/2024/texmf-dist/tex/latex/base/size10.clo
File: size10.clo 2023/05/17 v1.4n Standard LaTeX file (size option)
)
\c@part=\count184
\c@section=\count185
\c@subsection=\count186
\c@subsubsection=\count187
\c@paragraph=\count188
\c@subparagraph=\count189
\c@figure=\count190
\c@table=\count191
\abovecaptionskip=\skip48
\belowcaptionskip=\skip49
\bibindent=\dimen140
) (d:/latex/texlive/2024/texmf-dist/tex/latex/geometry/geometry.sty
Package: geometry 2020/01/02 v5.9 Page Geometry
 (d:/latex/texlive/2024/texmf-dist/tex/latex/graphics/keyval.sty
Package: keyval 2022/05/29 v1.15 key=value parser (DPC)
\KV@toks@=\toks17
) (d:/latex/texlive/2024/texmf-dist/tex/generic/iftex/ifvtex.sty
Package: ifvtex 2019/10/25 v1.7 ifvtex legacy package. Use iftex instead.
 (d:/latex/texlive/2024/texmf-dist/tex/generic/iftex/iftex.sty
Package: iftex 2022/02/03 v1.0f TeX engine tests
))
\Gm@cnth=\count192
\Gm@cntv=\count193
\c@Gm@tempcnt=\count194
\Gm@bindingoffset=\dimen141
\Gm@wd@mp=\dimen142
\Gm@odd@mp=\dimen143
\Gm@even@mp=\dimen144
\Gm@layoutwidth=\dimen145
\Gm@layoutheight=\dimen146
\Gm@layouthoffset=\dimen147
\Gm@layoutvoffset=\dimen148
\Gm@dimlist=\toks18
) (d:/latex/texlive/2024/texmf-dist/tex/latex/hyperref/hyperref.sty
Package: hyperref 2024-01-20 v7.01h Hypertext links for LaTeX
 (d:/latex/texlive/2024/texmf-dist/tex/latex/kvsetkeys/kvsetkeys.sty
Package: kvsetkeys 2022-10-05 v1.19 Key value parser (HO)
) (d:/latex/texlive/2024/texmf-dist/tex/generic/kvdefinekeys/kvdefinekeys.sty
Package: kvdefinekeys 2019-12-19 v1.6 Define keys (HO)
) (d:/latex/texlive/2024/texmf-dist/tex/generic/pdfescape/pdfescape.sty
Package: pdfescape 2019/12/09 v1.15 Implements pdfTeX's escape features (HO)
 (d:/latex/texlive/2024/texmf-dist/tex/generic/ltxcmds/ltxcmds.sty
Package: ltxcmds 2023-12-04 v1.26 LaTeX kernel commands for general use (HO)
) (d:/latex/texlive/2024/texmf-dist/tex/generic/pdftexcmds/pdftexcmds.sty
Package: pdftexcmds 2020-06-27 v0.33 Utility functions of pdfTeX for LuaTeX (HO)
 (d:/latex/texlive/2024/texmf-dist/tex/generic/infwarerr/infwarerr.sty
Package: infwarerr 2019/12/03 v1.5 Providing info/warning/error messages (HO)
)
Package pdftexcmds Info: \pdf@primitive is available.
Package pdftexcmds Info: \pdf@ifprimitive is available.
Package pdftexcmds Info: \pdfdraftmode not found.
)) (d:/latex/texlive/2024/texmf-dist/tex/latex/hycolor/hycolor.sty
Package: hycolor 2020-01-27 v1.10 Color options for hyperref/bookmark (HO)
) (d:/latex/texlive/2024/texmf-dist/tex/latex/auxhook/auxhook.sty
Package: auxhook 2019-12-17 v1.6 Hooks for auxiliary files (HO)
) (d:/latex/texlive/2024/texmf-dist/tex/latex/hyperref/nameref.sty
Package: nameref 2023-11-26 v2.56 Cross-referencing by name of section
 (d:/latex/texlive/2024/texmf-dist/tex/latex/refcount/refcount.sty
Package: refcount 2019/12/15 v3.6 Data extraction from label references (HO)
) (d:/latex/texlive/2024/texmf-dist/tex/generic/gettitlestring/gettitlestring.sty
Package: gettitlestring 2019/12/15 v1.6 Cleanup title references (HO)
 (d:/latex/texlive/2024/texmf-dist/tex/latex/kvoptions/kvoptions.sty
Package: kvoptions 2022-06-15 v3.15 Key value format for package options (HO)
))
\c@section@level=\count195
) (d:/latex/texlive/2024/texmf-dist/tex/latex/etoolbox/etoolbox.sty
Package: etoolbox 2020/10/05 v2.5k e-TeX tools for LaTeX (JAW)
\etb@tempcnta=\count196
)
\@linkdim=\dimen149
\Hy@linkcounter=\count197
\Hy@pagecounter=\count198
 (d:/latex/texlive/2024/texmf-dist/tex/latex/hyperref/pd1enc.def
File: pd1enc.def 2024-01-20 v7.01h Hyperref: PDFDocEncoding definition (HO)
) (d:/latex/texlive/2024/texmf-dist/tex/generic/intcalc/intcalc.sty
Package: intcalc 2019/12/15 v1.3 Expandable calculations with integers (HO)
)
\Hy@SavedSpaceFactor=\count199
 (d:/latex/texlive/2024/texmf-dist/tex/latex/hyperref/puenc.def
File: puenc.def 2024-01-20 v7.01h Hyperref: PDF Unicode definition (HO)
)
Package hyperref Info: Hyper figures OFF on input line 4179.
Package hyperref Info: Link nesting OFF on input line 4184.
Package hyperref Info: Hyper index ON on input line 4187.
Package hyperref Info: Plain pages OFF on input line 4194.
Package hyperref Info: Backreferencing OFF on input line 4199.
Package hyperref Info: Implicit mode ON; LaTeX internals redefined.
Package hyperref Info: Bookmarks ON on input line 4446.
\c@Hy@tempcnt=\count266
 (d:/latex/texlive/2024/texmf-dist/tex/latex/url/url.sty
\Urlmuskip=\muskip16
Package: url 2013/09/16  ver 3.4  Verb mode for urls, etc.
)
LaTeX Info: Redefining \url on input line 4784.
\XeTeXLinkMargin=\dimen150
 (d:/latex/texlive/2024/texmf-dist/tex/generic/bitset/bitset.sty
Package: bitset 2019/12/09 v1.3 Handle bit-vector datatype (HO)
 (d:/latex/texlive/2024/texmf-dist/tex/generic/bigintcalc/bigintcalc.sty
Package: bigintcalc 2019/12/15 v1.5 Expandable calculations on big integers (HO)
))
\Fld@menulength=\count267
\Field@Width=\dimen151
\Fld@charsize=\dimen152
Package hyperref Info: Hyper figures OFF on input line 6063.
Package hyperref Info: Link nesting OFF on input line 6068.
Package hyperref Info: Hyper index ON on input line 6071.
Package hyperref Info: backreferencing OFF on input line 6078.
Package hyperref Info: Link coloring OFF on input line 6083.
Package hyperref Info: Link coloring with OCG OFF on input line 6088.
Package hyperref Info: PDF/A mode OFF on input line 6093.
 (d:/latex/texlive/2024/texmf-dist/tex/latex/base/atbegshi-ltx.sty
Package: atbegshi-ltx 2021/01/10 v1.0c Emulation of the original atbegshi
package with kernel methods
)
\Hy@abspage=\count268
\c@Item=\count269
\c@Hfootnote=\count270
)
Package hyperref Info: Driver (autodetected): hxetex.
 (d:/latex/texlive/2024/texmf-dist/tex/latex/hyperref/hxetex.def
File: hxetex.def 2024-01-20 v7.01h Hyperref driver for XeTeX
 (d:/latex/texlive/2024/texmf-dist/tex/generic/stringenc/stringenc.sty
Package: stringenc 2019/11/29 v1.12 Convert strings between diff. encodings (HO)
)
\pdfm@box=\box51
\c@Hy@AnnotLevel=\count271
\HyField@AnnotCount=\count272
\Fld@listcount=\count273
\c@bookmark@seq@number=\count274
 (d:/latex/texlive/2024/texmf-dist/tex/latex/rerunfilecheck/rerunfilecheck.sty
Package: rerunfilecheck 2022-07-10 v1.10 Rerun checks for auxiliary files (HO)
 (d:/latex/texlive/2024/texmf-dist/tex/latex/base/atveryend-ltx.sty
Package: atveryend-ltx 2020/08/19 v1.0a Emulation of the original atveryend package
with kernel methods
) (d:/latex/texlive/2024/texmf-dist/tex/generic/uniquecounter/uniquecounter.sty
Package: uniquecounter 2019/12/15 v1.4 Provide unlimited unique counter (HO)
)
Package uniquecounter Info: New unique counter `rerunfilecheck' on input line 285.
)
\Hy@SectionHShift=\skip50
)
Package hyperref Info: Option `colorlinks' set `true' on input line 11.
 (d:/latex/texlive/2024/texmf-dist/tex/latex/natbib/natbib.sty
Package: natbib 2010/09/13 8.31b (PWD, AO)
\bibhang=\skip51
\bibsep=\skip52
LaTeX Info: Redefining \cite on input line 694.
\c@NAT@ctr=\count275
) (d:/latex/texlive/2024/texmf-dist/tex/latex/graphics/graphicx.sty
Package: graphicx 2021/09/16 v1.2d Enhanced LaTeX Graphics (DPC,SPQR)
 (d:/latex/texlive/2024/texmf-dist/tex/latex/graphics/graphics.sty
Package: graphics 2022/03/10 v1.4e Standard LaTeX Graphics (DPC,SPQR)
 (d:/latex/texlive/2024/texmf-dist/tex/latex/graphics/trig.sty
Package: trig 2021/08/11 v1.11 sin cos tan (DPC)
) (d:/latex/texlive/2024/texmf-dist/tex/latex/graphics-cfg/graphics.cfg
File: graphics.cfg 2016/06/04 v1.11 sample graphics configuration
)
Package graphics Info: Driver file: xetex.def on input line 107.
 (d:/latex/texlive/2024/texmf-dist/tex/latex/graphics-def/xetex.def
File: xetex.def 2022/09/22 v5.0n Graphics/color driver for xetex
))
\Gin@req@height=\dimen153
\Gin@req@width=\dimen154
) (d:/latex/texlive/2024/texmf-dist/tex/latex/subfigure/subfigure.sty
Package: subfigure 2002/03/15 v2.1.5 subfigure package
\subfigtopskip=\skip53
\subfigcapskip=\skip54
\subfigcaptopadj=\dimen155
\subfigbottomskip=\skip55
\subfigcapmargin=\dimen156
\subfiglabelskip=\skip56
\c@subfigure=\count276
\c@lofdepth=\count277
\c@subtable=\count278
\c@lotdepth=\count279

****************************************
* Local config file subfigure.cfg used *
****************************************
(d:/latex/texlive/2024/texmf-dist/tex/latex/subfigure/subfigure.cfg)
\subfig@top=\skip57
\subfig@bottom=\skip58
) (d:/latex/texlive/2024/texmf-dist/tex/latex/amsmath/amsmath.sty
Package: amsmath 2023/05/13 v2.17o AMS math features
\@mathmargin=\skip59

For additional information on amsmath, use the `?' option.
(d:/latex/texlive/2024/texmf-dist/tex/latex/amsmath/amstext.sty
Package: amstext 2021/08/26 v2.01 AMS text
 (d:/latex/texlive/2024/texmf-dist/tex/latex/amsmath/amsgen.sty
File: amsgen.sty 1999/11/30 v2.0 generic functions
\@emptytoks=\toks19
\ex@=\dimen157
)) (d:/latex/texlive/2024/texmf-dist/tex/latex/amsmath/amsbsy.sty
Package: amsbsy 1999/11/29 v1.2d Bold Symbols
\pmbraise@=\dimen158
) (d:/latex/texlive/2024/texmf-dist/tex/latex/amsmath/amsopn.sty
Package: amsopn 2022/04/08 v2.04 operator names
)
\inf@bad=\count280
LaTeX Info: Redefining \frac on input line 234.
\uproot@=\count281
\leftroot@=\count282
LaTeX Info: Redefining \overline on input line 399.
LaTeX Info: Redefining \colon on input line 410.
\classnum@=\count283
\DOTSCASE@=\count284
LaTeX Info: Redefining \ldots on input line 496.
LaTeX Info: Redefining \dots on input line 499.
LaTeX Info: Redefining \cdots on input line 620.
\Mathstrutbox@=\box52
\strutbox@=\box53
LaTeX Info: Redefining \big on input line 722.
LaTeX Info: Redefining \Big on input line 723.
LaTeX Info: Redefining \bigg on input line 724.
LaTeX Info: Redefining \Bigg on input line 725.
\big@size=\dimen159
LaTeX Font Info:    Redeclaring font encoding OML on input line 743.
LaTeX Font Info:    Redeclaring font encoding OMS on input line 744.
\macc@depth=\count285
LaTeX Info: Redefining \bmod on input line 905.
LaTeX Info: Redefining \pmod on input line 910.
LaTeX Info: Redefining \smash on input line 940.
LaTeX Info: Redefining \relbar on input line 970.
LaTeX Info: Redefining \Relbar on input line 971.
\c@MaxMatrixCols=\count286
\dotsspace@=\muskip17
\c@parentequation=\count287
\dspbrk@lvl=\count288
\tag@help=\toks20
\row@=\count289
\column@=\count290
\maxfields@=\count291
\andhelp@=\toks21
\eqnshift@=\dimen160
\alignsep@=\dimen161
\tagshift@=\dimen162
\tagwidth@=\dimen163
\totwidth@=\dimen164
\lineht@=\dimen165
\@envbody=\toks22
\multlinegap=\skip60
\multlinetaggap=\skip61
\mathdisplay@stack=\toks23
LaTeX Info: Redefining \[ on input line 2953.
LaTeX Info: Redefining \] on input line 2954.
) (d:/latex/texlive/2024/texmf-dist/tex/latex/lipsum/lipsum.sty (d:/latex/texlive/2024/texmf-dist/tex/latex/l3packages/l3keys2e/l3keys2e.sty (d:/latex/texlive/2024/texmf-dist/tex/latex/l3kernel/expl3.sty
Package: expl3 2024-02-20 L3 programming layer (loader) 
 (d:/latex/texlive/2024/texmf-dist/tex/latex/l3backend/l3backend-xetex.def
File: l3backend-xetex.def 2024-02-20 L3 backend support: XeTeX
\g__graphics_track_int=\count292
\l__pdf_internal_box=\box54
\g__pdf_backend_object_int=\count293
\g__pdf_backend_annotation_int=\count294
\g__pdf_backend_link_int=\count295
))
Package: l3keys2e 2024-02-18 LaTeX2e option processing using LaTeX3 keys
)
Package: lipsum 2021-09-20 v2.7 150 paragraphs of Lorem Ipsum dummy text
\g__lipsum_par_int=\count296
\l__lipsum_a_int=\count297
\l__lipsum_b_int=\count298
 (d:/latex/texlive/2024/texmf-dist/tex/latex/lipsum/lipsum.ltd.tex)) (d:/latex/texlive/2024/texmf-dist/tex/generic/soul/soul.sty
Package: soul 2023-06-14 v3.1 Permit use of UTF-8 characters in soul (HO)
 (d:/latex/texlive/2024/texmf-dist/tex/generic/soul/soul-ori.sty
Package: soul-ori 2023-06-14 v3.1 letterspacing/underlining (mf)
\SOUL@word=\toks24
\SOUL@lasttoken=\toks25
\SOUL@syllable=\toks26
\SOUL@cmds=\toks27
\SOUL@buffer=\toks28
\SOUL@token=\toks29
\SOUL@syllgoal=\dimen166
\SOUL@syllwidth=\dimen167
\SOUL@charkern=\dimen168
\SOUL@hyphkern=\dimen169
\SOUL@dimen=\dimen170
\SOUL@dimeni=\dimen171
\SOUL@minus=\count299
\SOUL@comma=\count300
\SOUL@apo=\count301
\SOUL@grave=\count302
\SOUL@spaceskip=\skip62
\SOUL@ttwidth=\dimen172
\SOUL@uldp=\dimen173
\SOUL@ulht=\dimen174
) (d:/latex/texlive/2024/texmf-dist/tex/generic/etexcmds/etexcmds.sty
Package: etexcmds 2019/12/15 v1.7 Avoid name clashes with e-TeX commands (HO)
)) (d:/latex/texlive/2024/texmf-dist/tex/latex/ctex/ctex.sty
Package: ctex 2022/07/14 v2.5.10 Chinese adapter in LaTeX (CTEX)
 (d:/latex/texlive/2024/texmf-dist/tex/latex/ctex/ctexhook.sty
Package: ctexhook 2022/07/14 v2.5.10 Document and package hooks (CTEX)
) (d:/latex/texlive/2024/texmf-dist/tex/latex/ctex/ctexpatch.sty
Package: ctexpatch 2022/07/14 v2.5.10 Patching commands (CTEX)
) (d:/latex/texlive/2024/texmf-dist/tex/latex/base/fix-cm.sty
Package: fix-cm 2020/11/24 v1.1t fixes to LaTeX
 (d:/latex/texlive/2024/texmf-dist/tex/latex/base/ts1enc.def
File: ts1enc.def 2001/06/05 v3.0e (jk/car/fm) Standard LaTeX file
LaTeX Font Info:    Redeclaring font encoding TS1 on input line 47.
))
\l__ctex_tmp_int=\count303
\l__ctex_tmp_box=\box55
\l__ctex_tmp_dim=\dimen175
\g__ctex_section_depth_int=\count304
\g__ctex_font_size_int=\count305
 (d:/latex/texlive/2024/texmf-dist/tex/latex/ctex/config/ctexopts.cfg
File: ctexopts.cfg 2022/07/14 v2.5.10 Option configuration file (CTEX)
) (d:/latex/texlive/2024/texmf-dist/tex/latex/ctex/engine/ctex-engine-xetex.def
File: ctex-engine-xetex.def 2022/07/14 v2.5.10 XeLaTeX adapter (CTEX)
 (d:/latex/texlive/2024/texmf-dist/tex/xelatex/xecjk/xeCJK.sty
Package: xeCJK 2022/08/05 v3.9.1 Typesetting CJK scripts with XeLaTeX
 (d:/latex/texlive/2024/texmf-dist/tex/latex/l3packages/xtemplate/xtemplate.sty (d:/latex/texlive/2024/texmf-dist/tex/latex/l3packages/xtemplate/xtemplate-2023-10-10.sty
Package: xtemplate 2023-10-10 L3 Experimental prototype document functions
\l__xtemplate_tmp_dim=\dimen176
\l__xtemplate_tmp_int=\count306
\l__xtemplate_tmp_muskip=\muskip18
\l__xtemplate_tmp_skip=\skip63
))
\l__xeCJK_tmp_int=\count307
\l__xeCJK_tmp_box=\box56
\l__xeCJK_tmp_dim=\dimen177
\l__xeCJK_tmp_skip=\skip64
\g__xeCJK_space_factor_int=\count308
\l__xeCJK_begin_int=\count309
\l__xeCJK_end_int=\count310
\c__xeCJK_CJK_class_int=\XeTeXcharclass1
\c__xeCJK_FullLeft_class_int=\XeTeXcharclass2
\c__xeCJK_FullRight_class_int=\XeTeXcharclass3
\c__xeCJK_HalfLeft_class_int=\XeTeXcharclass4
\c__xeCJK_HalfRight_class_int=\XeTeXcharclass5
\c__xeCJK_NormalSpace_class_int=\XeTeXcharclass6
\c__xeCJK_CM_class_int=\XeTeXcharclass7
\c__xeCJK_HangulJamo_class_int=\XeTeXcharclass8
\l__xeCJK_last_skip=\skip65
\c__xeCJK_none_node=\count311
\g__xeCJK_node_int=\count312
\c__xeCJK_CJK_node_dim=\dimen178
\c__xeCJK_CJK-space_node_dim=\dimen179
\c__xeCJK_default_node_dim=\dimen180
\c__xeCJK_CJK-widow_node_dim=\dimen181
\c__xeCJK_normalspace_node_dim=\dimen182
\c__xeCJK_default-space_node_skip=\skip66
\l__xeCJK_ccglue_skip=\skip67
\l__xeCJK_ecglue_skip=\skip68
\l__xeCJK_punct_kern_skip=\skip69
\l__xeCJK_indent_box=\box57
\l__xeCJK_last_penalty_int=\count313
\l__xeCJK_last_bound_dim=\dimen183
\l__xeCJK_last_kern_dim=\dimen184
\l__xeCJK_widow_penalty_int=\count314

Package xtemplate Info: Declaring object type 'xeCJK/punctuation' taking 0
(xtemplate)             argument(s) on line 2396.

\l__xeCJK_fixed_punct_width_dim=\dimen185
\l__xeCJK_mixed_punct_width_dim=\dimen186
\l__xeCJK_middle_punct_width_dim=\dimen187
\l__xeCJK_fixed_margin_width_dim=\dimen188
\l__xeCJK_mixed_margin_width_dim=\dimen189
\l__xeCJK_middle_margin_width_dim=\dimen190
\l__xeCJK_bound_punct_width_dim=\dimen191
\l__xeCJK_bound_margin_width_dim=\dimen192
\l__xeCJK_margin_minimum_dim=\dimen193
\l__xeCJK_kerning_total_width_dim=\dimen194
\l__xeCJK_same_align_margin_dim=\dimen195
\l__xeCJK_different_align_margin_dim=\dimen196
\l__xeCJK_kerning_margin_width_dim=\dimen197
\l__xeCJK_kerning_margin_minimum_dim=\dimen198
\l__xeCJK_bound_dim=\dimen199
\l__xeCJK_reverse_bound_dim=\dimen256
\l__xeCJK_margin_dim=\dimen257
\l__xeCJK_minimum_bound_dim=\dimen258
\l__xeCJK_kerning_margin_dim=\dimen259
\g__xeCJK_family_int=\count315
\l__xeCJK_fam_int=\count316
\g__xeCJK_fam_allocation_int=\count317
\l__xeCJK_verb_case_int=\count318
\l__xeCJK_verb_exspace_skip=\skip70
 (d:/latex/texlive/2024/texmf-dist/tex/latex/fontspec/fontspec.sty (d:/latex/texlive/2024/texmf-dist/tex/latex/l3packages/xparse/xparse.sty
Package: xparse 2024-02-18 L3 Experimental document command parser
)
Package: fontspec 2024/02/13 v2.9a Font selection for XeLaTeX and LuaLaTeX
 (d:/latex/texlive/2024/texmf-dist/tex/latex/fontspec/fontspec-xetex.sty
Package: fontspec-xetex 2024/02/13 v2.9a Font selection for XeLaTeX and LuaLaTeX
\l__fontspec_script_int=\count319
\l__fontspec_language_int=\count320
\l__fontspec_strnum_int=\count321
\l__fontspec_tmp_int=\count322
\l__fontspec_tmpa_int=\count323
\l__fontspec_tmpb_int=\count324
\l__fontspec_tmpc_int=\count325
\l__fontspec_em_int=\count326
\l__fontspec_emdef_int=\count327
\l__fontspec_strong_int=\count328
\l__fontspec_strongdef_int=\count329
\l__fontspec_tmpa_dim=\dimen260
\l__fontspec_tmpb_dim=\dimen261
\l__fontspec_tmpc_dim=\dimen262
 (d:/latex/texlive/2024/texmf-dist/tex/latex/base/fontenc.sty
Package: fontenc 2021/04/29 v2.0v Standard LaTeX package
) (d:/latex/texlive/2024/texmf-dist/tex/latex/fontspec/fontspec.cfg))) (d:/latex/texlive/2024/texmf-dist/tex/xelatex/xecjk/xeCJK.cfg
File: xeCJK.cfg 2022/08/05 v3.9.1 Configuration file for xeCJK package
))
\ccwd=\dimen263
\l__ctex_ccglue_skip=\skip71
)
\l__ctex_ziju_dim=\dimen264
 (d:/latex/texlive/2024/texmf-dist/tex/latex/zhnumber/zhnumber.sty
Package: zhnumber 2022/07/14 v3.0 Typesetting numbers with Chinese glyphs
\l__zhnum_scale_int=\count330
\l__zhnum_tmp_int=\count331
 (d:/latex/texlive/2024/texmf-dist/tex/latex/zhnumber/zhnumber-utf8.cfg
File: zhnumber-utf8.cfg 2022/07/14 v3.0 Chinese numerals with UTF8 encoding
)) (d:/latex/texlive/2024/texmf-dist/tex/latex/ctex/scheme/ctex-scheme-chinese.def
File: ctex-scheme-chinese.def 2022/07/14 v2.5.10 Chinese scheme for generic (CTEX)
 (d:/latex/texlive/2024/texmf-dist/tex/latex/ctex/config/ctex-name-utf8.cfg
File: ctex-name-utf8.cfg 2022/07/14 v2.5.10 Caption with encoding UTF-8 (CTEX)
)) (d:/latex/texlive/2024/texmf-dist/tex/latex/tools/indentfirst.sty
Package: indentfirst 2023/07/02 v1.03 Indent first paragraph (DPC)
) (d:/latex/texlive/2024/texmf-dist/tex/latex/ctex/fontset/ctex-fontset-windows.def
File: ctex-fontset-windows.def 2022/07/14 v2.5.10 Windows fonts definition (CTEX)

Package fontspec Info: Could not resolve font "KaiTi/B" (it probably doesn't
(fontspec)             exist).


Package fontspec Info: Could not resolve font "SimHei/I" (it probably doesn't
(fontspec)             exist).


Package fontspec Info: Could not resolve font "SimSun/BI" (it probably doesn't
(fontspec)             exist).


Package fontspec Info: Font family 'SimSun(0)' created for font 'SimSun' with
(fontspec)             options
(fontspec)             [Script={CJK},BoldFont={SimHei},ItalicFont={KaiTi}].
(fontspec)              
(fontspec)              This font family consists of the following NFSS
(fontspec)             series/shapes:
(fontspec)              
(fontspec)             - 'normal' (m/n) with NFSS spec.:
(fontspec)             <->"SimSun/OT:script=hani;language=dflt;"
(fontspec)             - 'small caps'  (m/sc) with NFSS spec.: 
(fontspec)             - 'bold' (b/n) with NFSS spec.:
(fontspec)             <->"SimHei/OT:script=hani;language=dflt;"
(fontspec)             - 'bold small caps'  (b/sc) with NFSS spec.: 
(fontspec)             - 'italic' (m/it) with NFSS spec.:
(fontspec)             <->"KaiTi/OT:script=hani;language=dflt;"
(fontspec)             - 'italic small caps'  (m/scit) with NFSS spec.: 

)) (d:/latex/texlive/2024/texmf-dist/tex/latex/ctex/config/ctex.cfg
File: ctex.cfg 2022/07/14 v2.5.10 Configuration file (CTEX)
) (d:/latex/texlive/2024/texmf-dist/tex/latex/graphics/color.sty
Package: color 2022/01/06 v1.3d Standard LaTeX Color (DPC)
 (d:/latex/texlive/2024/texmf-dist/tex/latex/graphics-cfg/color.cfg
File: color.cfg 2016/01/02 v1.6 sample color configuration
)
Package color Info: Driver file: xetex.def on input line 149.
 (d:/latex/texlive/2024/texmf-dist/tex/latex/graphics/mathcolor.ltx)) (d:/latex/texlive/2024/texmf-dist/tex/latex/xcolor/xcolor.sty
Package: xcolor 2023/11/15 v3.01 LaTeX color extensions (UK)
 (d:/latex/texlive/2024/texmf-dist/tex/latex/graphics-cfg/color.cfg
File: color.cfg 2016/01/02 v1.6 sample color configuration
)
Package xcolor Info: Driver file: xetex.def on input line 274.
LaTeX Info: Redefining \color on input line 758.
 (d:/latex/texlive/2024/texmf-dist/tex/latex/graphics/mathcolor.ltx)
Package xcolor Info: Model `cmy' substituted by `cmy0' on input line 1350.
Package xcolor Info: Model `RGB' extended on input line 1366.
Package xcolor Info: Model `HTML' substituted by `rgb' on input line 1368.
Package xcolor Info: Model `Hsb' substituted by `hsb' on input line 1369.
Package xcolor Info: Model `tHsb' substituted by `hsb' on input line 1370.
Package xcolor Info: Model `HSB' substituted by `hsb' on input line 1371.
Package xcolor Info: Model `Gray' substituted by `gray' on input line 1372.
Package xcolor Info: Model `wave' substituted by `hsb' on input line 1373.
) (d:/latex/texlive/2024/texmf-dist/tex/generic/ulem/ulem.sty
\UL@box=\box58
\UL@hyphenbox=\box59
\UL@skip=\skip72
\UL@hook=\toks30
\UL@height=\dimen265
\UL@pe=\count332
\UL@pixel=\dimen266
\ULC@box=\box60
Package: ulem 2019/11/18
\ULdepth=\dimen267
) (d:/latex/texlive/2024/texmf-dist/tex/latex/graphics/dvipsnam.def
File: dvipsnam.def 2016/06/17 v3.0m Driver-dependent file (DPC,SPQR)
) (d:/latex/texlive/2024/texmf-dist/tex/latex/float/float.sty
Package: float 2001/11/08 v1.3d Float enhancements (AL)
\c@float@type=\count333
\float@exts=\toks31
\float@box=\box61
\@float@everytoks=\toks32
\@floatcapt=\box62
) (d:/latex/texlive/2024/texmf-dist/tex/latex/tools/enumerate.sty
Package: enumerate 2023/07/04 v3.00 enumerate extensions (DPC)
\@enLab=\toks33
) (d:/latex/texlive/2024/texmf-dist/tex/latex/enumitem/enumitem.sty
Package: enumitem 2019/06/20 v3.9 Customized lists
\labelindent=\skip73
\enit@outerparindent=\dimen268
\enit@toks=\toks34
\enit@inbox=\box63
\enit@count@id=\count334
\enitdp@description=\count335
) (d:/latex/texlive/2024/texmf-dist/tex/latex/tasks/tasks.sty
Package: tasks 2022/01/08 v1.4a lists with columns filled horizontally
\g__tasks_total_items_int=\count336
\l__tasks_columns_int=\count337
\g__tasks_rows_int=\count338
\g__tasks_current_col_num_int=\count339
\g__tasks_current_row_num_int=\count340
\l__tasks_item_columns_int=\count341
\g__tasks_env_int=\count342
\l__tasks_start_int=\count343
\l__tasks_item_indent_dim=\dimen269
\l__tasks_item_default_indent_dim=\dimen270
\l__tasks_item_width_dim=\dimen271
\l__tasks_label_width_dim=\dimen272
\l__tasks_label_default_width_dim=\dimen273
\l__tasks_label_offset_dim=\dimen274
\l__tasks_label_default_offset_dim=\dimen275
\l__tasks_column_sep_dim=\dimen276
\l__tasks_correction_dim=\dimen277
\l__tasks_full_width_dim=\dimen278
\l__tasks_after_item_skip=\skip74
\l__tasks_custom_after_item_skip=\skip75
\l__tasks_before_list_skip=\skip76
\l__tasks_after_list_skip=\skip77
\l__tasks_item_coffin=\box64
\l__tasks_label_coffin=\box65
\c@task=\count344
\l__tasks_tmpa_int=\count345
\l__tasks_tmpb_int=\count346
\l__tasks_tmpa_coffin=\box66
\l__tasks_tmpa_box=\box67

Package xtemplate Info: Declaring object type 'tasks' taking 3 argument(s) on
(xtemplate)             line 450.

 (d:/latex/texlive/2024/texmf-dist/tex/latex/tasks/tasks.cfg)) (d:/latex/texlive/2024/texmf-dist/tex/latex/amsfonts/amssymb.sty
Package: amssymb 2013/01/14 v3.01 AMS font symbols
 (d:/latex/texlive/2024/texmf-dist/tex/latex/amsfonts/amsfonts.sty
Package: amsfonts 2013/01/14 v3.01 Basic AMSFonts support
\symAMSa=\mathgroup4
\symAMSb=\mathgroup5
LaTeX Font Info:    Redeclaring math symbol \hbar on input line 98.
LaTeX Font Info:    Overwriting math alphabet `\mathfrak' in version `bold'
(Font)                  U/euf/m/n --> U/euf/b/n on input line 106.
)) (d:/latex/texlive/2024/texmf-dist/tex/latex/tools/tabularx.sty
Package: tabularx 2023/07/08 v2.11c `tabularx' package (DPC)
 (d:/latex/texlive/2024/texmf-dist/tex/latex/tools/array.sty
Package: array 2023/10/16 v2.5g Tabular extension package (FMi)
\col@sep=\dimen279
\ar@mcellbox=\box68
\extrarowheight=\dimen280
\NC@list=\toks35
\extratabsurround=\skip78
\backup@length=\skip79
\ar@cellbox=\box69
)
\TX@col@width=\dimen281
\TX@old@table=\dimen282
\TX@old@col=\dimen283
\TX@target=\dimen284
\TX@delta=\dimen285
\TX@cols=\count347
\TX@ftn=\toks36
) (d:/latex/texlive/2024/texmf-dist/tex/latex/booktabs/booktabs.sty
Package: booktabs 2020/01/12 v1.61803398 Publication quality tables
\heavyrulewidth=\dimen286
\lightrulewidth=\dimen287
\cmidrulewidth=\dimen288
\belowrulesep=\dimen289
\belowbottomsep=\dimen290
\aboverulesep=\dimen291
\abovetopsep=\dimen292
\cmidrulesep=\dimen293
\cmidrulekern=\dimen294
\defaultaddspace=\dimen295
\@cmidla=\count348
\@cmidlb=\count349
\@aboverulesep=\dimen296
\@belowrulesep=\dimen297
\@thisruleclass=\count350
\@lastruleclass=\count351
\@thisrulewidth=\dimen298
) (d:/latex/texlive/2024/texmf-dist/tex/latex/multirow/multirow.sty
Package: multirow 2021/03/15 v2.8 Span multiple rows of a table
\multirow@colwidth=\skip80
\multirow@cntb=\count352
\multirow@dima=\skip81
\bigstrutjot=\dimen299
) (d:/latex/texlive/2024/texmf-dist/tex/latex/algorithms/algorithm.sty
Invalid UTF-8 byte or sequence at line 11 replaced by U+FFFD.
Package: algorithm 2009/08/24 v0.1 Document Style `algorithm' - floating environment
 (d:/latex/texlive/2024/texmf-dist/tex/latex/base/ifthen.sty
Package: ifthen 2022/04/13 v1.1d Standard LaTeX ifthen package (DPC)
)
\@float@every@algorithm=\toks37
\c@algorithm=\count353
) (d:/latex/texlive/2024/texmf-dist/tex/latex/algorithmicx/algpseudocode.sty
Package: algpseudocode 
 (d:/latex/texlive/2024/texmf-dist/tex/latex/algorithmicx/algorithmicx.sty
Package: algorithmicx 2005/04/27 v1.2 Algorithmicx

Document Style algorithmicx 1.2 - a greatly improved `algorithmic' style
\c@ALG@line=\count354
\c@ALG@rem=\count355
\c@ALG@nested=\count356
\ALG@tlm=\skip82
\ALG@thistlm=\skip83
\c@ALG@Lnr=\count357
\c@ALG@blocknr=\count358
\c@ALG@storecount=\count359
\c@ALG@tmpcounter=\count360
\ALG@tmplength=\skip84
)
Document Style - pseudocode environments for use with the `algorithmicx' style
) (d:/latex/texlive/2024/texmf-dist/tex/latex/caption/caption.sty
Package: caption 2023/08/05 v3.6o Customizing captions (AR)
 (d:/latex/texlive/2024/texmf-dist/tex/latex/caption/caption3.sty
Package: caption3 2023/07/31 v2.4d caption3 kernel (AR)
\caption@tempdima=\dimen300
\captionmargin=\dimen301
\caption@leftmargin=\dimen302
\caption@rightmargin=\dimen303
\caption@width=\dimen304
\caption@indent=\dimen305
\caption@parindent=\dimen306
\caption@hangindent=\dimen307
Package caption Info: Standard document class detected.
)
\c@caption@flags=\count361
\c@continuedfloat=\count362
Package caption Info: float package is loaded.
Package caption Info: hyperref package is loaded.
Package caption Info: subfigure package is loaded.
) (d:/latex/texlive/2024/texmf-dist/tex/latex/caption/subcaption.sty
Package: subcaption 2023/07/28 v1.6b Sub-captions (AR)
LaTeX Info: Redefining \subref on input line 189.
Package subcaption Info: The counter `subfigure' was already defined by
(subcaption)             an unknown document class or package on input line 238.
Package subcaption Info: The counter `subtable' was already defined by
(subcaption)             an unknown document class or package on input line 238.
) (./report.aux)
\openout1 = `report.aux'.

LaTeX Font Info:    Checking defaults for OML/cmm/m/it on input line 59.
LaTeX Font Info:    ... okay on input line 59.
LaTeX Font Info:    Checking defaults for OMS/cmsy/m/n on input line 59.
LaTeX Font Info:    ... okay on input line 59.
LaTeX Font Info:    Checking defaults for OT1/cmr/m/n on input line 59.
LaTeX Font Info:    ... okay on input line 59.
LaTeX Font Info:    Checking defaults for T1/cmr/m/n on input line 59.
LaTeX Font Info:    ... okay on input line 59.
LaTeX Font Info:    Checking defaults for TS1/cmr/m/n on input line 59.
LaTeX Font Info:    ... okay on input line 59.
LaTeX Font Info:    Checking defaults for TU/lmr/m/n on input line 59.
LaTeX Font Info:    ... okay on input line 59.
LaTeX Font Info:    Checking defaults for OMX/cmex/m/n on input line 59.
LaTeX Font Info:    ... okay on input line 59.
LaTeX Font Info:    Checking defaults for U/cmr/m/n on input line 59.
LaTeX Font Info:    ... okay on input line 59.
LaTeX Font Info:    Checking defaults for PD1/pdf/m/n on input line 59.
LaTeX Font Info:    ... okay on input line 59.
LaTeX Font Info:    Checking defaults for PU/pdf/m/n on input line 59.
LaTeX Font Info:    ... okay on input line 59.

*geometry* driver: auto-detecting
*geometry* detected driver: xetex
*geometry* verbose mode - [ preamble ] result:
* driver: xetex
* paper: a4paper
* layout: <same size as paper>
* layoutoffset:(h,v)=(0.0pt,0.0pt)
* modes: 
* h-part:(L,W,R)=(57.81621pt, 481.87546pt, 57.81621pt)
* v-part:(T,H,B)=(54.2025pt, 718.57436pt, 72.26999pt)
* \paperwidth=597.50787pt
* \paperheight=845.04684pt
* \textwidth=481.87546pt
* \textheight=718.57436pt
* \oddsidemargin=-14.45378pt
* \evensidemargin=-14.45378pt
* \topmargin=-55.06749pt
* \headheight=12.0pt
* \headsep=25.0pt
* \topskip=10.0pt
* \footskip=30.0pt
* \marginparwidth=65.0pt
* \marginparsep=11.0pt
* \columnsep=10.0pt
* \skip\footins=9.0pt plus 4.0pt minus 2.0pt
* \hoffset=0.0pt
* \voffset=0.0pt
* \mag=1000
* \@twocolumnfalse
* \@twosidefalse
* \@mparswitchfalse
* \@reversemarginfalse
* (1in=72.27pt=25.4mm, 1cm=28.453pt)

Package hyperref Info: Link coloring ON on input line 59.
(./report.out) (./report.out)
\@outlinefile=\write3
\openout3 = `report.out'.


Package fontspec Info: Adjusting the maths setup (use [no-math] to avoid
(fontspec)             this).

\symlegacymaths=\mathgroup6
LaTeX Font Info:    Overwriting symbol font `legacymaths' in version `bold'
(Font)                  OT1/cmr/m/n --> OT1/cmr/bx/n on input line 59.
LaTeX Font Info:    Redeclaring math accent \acute on input line 59.
LaTeX Font Info:    Redeclaring math accent \grave on input line 59.
LaTeX Font Info:    Redeclaring math accent \ddot on input line 59.
LaTeX Font Info:    Redeclaring math accent \tilde on input line 59.
LaTeX Font Info:    Redeclaring math accent \bar on input line 59.
LaTeX Font Info:    Redeclaring math accent \breve on input line 59.
LaTeX Font Info:    Redeclaring math accent \check on input line 59.
LaTeX Font Info:    Redeclaring math accent \hat on input line 59.
LaTeX Font Info:    Redeclaring math accent \dot on input line 59.
LaTeX Font Info:    Redeclaring math accent \mathring on input line 59.
LaTeX Font Info:    Redeclaring math symbol \Gamma on input line 59.
LaTeX Font Info:    Redeclaring math symbol \Delta on input line 59.
LaTeX Font Info:    Redeclaring math symbol \Theta on input line 59.
LaTeX Font Info:    Redeclaring math symbol \Lambda on input line 59.
LaTeX Font Info:    Redeclaring math symbol \Xi on input line 59.
LaTeX Font Info:    Redeclaring math symbol \Pi on input line 59.
LaTeX Font Info:    Redeclaring math symbol \Sigma on input line 59.
LaTeX Font Info:    Redeclaring math symbol \Upsilon on input line 59.
LaTeX Font Info:    Redeclaring math symbol \Phi on input line 59.
LaTeX Font Info:    Redeclaring math symbol \Psi on input line 59.
LaTeX Font Info:    Redeclaring math symbol \Omega on input line 59.
LaTeX Font Info:    Redeclaring math symbol \mathdollar on input line 59.
LaTeX Font Info:    Redeclaring symbol font `operators' on input line 59.
LaTeX Font Info:    Encoding `OT1' has changed to `TU' for symbol font
(Font)              `operators' in the math version `normal' on input line 59.
LaTeX Font Info:    Overwriting symbol font `operators' in version `normal'
(Font)                  OT1/cmr/m/n --> TU/lmr/m/n on input line 59.
LaTeX Font Info:    Encoding `OT1' has changed to `TU' for symbol font
(Font)              `operators' in the math version `bold' on input line 59.
LaTeX Font Info:    Overwriting symbol font `operators' in version `bold'
(Font)                  OT1/cmr/bx/n --> TU/lmr/m/n on input line 59.
LaTeX Font Info:    Overwriting symbol font `operators' in version `normal'
(Font)                  TU/lmr/m/n --> TU/lmr/m/n on input line 59.
LaTeX Font Info:    Overwriting math alphabet `\mathit' in version `normal'
(Font)                  OT1/cmr/m/it --> TU/lmr/m/it on input line 59.
LaTeX Font Info:    Overwriting math alphabet `\mathbf' in version `normal'
(Font)                  OT1/cmr/bx/n --> TU/lmr/b/n on input line 59.
LaTeX Font Info:    Overwriting math alphabet `\mathsf' in version `normal'
(Font)                  OT1/cmss/m/n --> TU/lmss/m/n on input line 59.
LaTeX Font Info:    Overwriting math alphabet `\mathtt' in version `normal'
(Font)                  OT1/cmtt/m/n --> TU/lmtt/m/n on input line 59.
LaTeX Font Info:    Overwriting symbol font `operators' in version `bold'
(Font)                  TU/lmr/m/n --> TU/lmr/b/n on input line 59.
LaTeX Font Info:    Overwriting math alphabet `\mathit' in version `bold'
(Font)                  OT1/cmr/bx/it --> TU/lmr/b/it on input line 59.
LaTeX Font Info:    Overwriting math alphabet `\mathsf' in version `bold'
(Font)                  OT1/cmss/bx/n --> TU/lmss/b/n on input line 59.
LaTeX Font Info:    Overwriting math alphabet `\mathtt' in version `bold'
(Font)                  OT1/cmtt/m/n --> TU/lmtt/b/n on input line 59.
Package caption Info: Begin \AtBeginDocument code.
Package caption Info: End \AtBeginDocument code.
LaTeX Font Info:    Trying to load font information for U+msa on input line 73.
 (d:/latex/texlive/2024/texmf-dist/tex/latex/amsfonts/umsa.fd
File: umsa.fd 2013/01/14 v3.01 AMS symbols A
)
LaTeX Font Info:    Trying to load font information for U+msb on input line 73.
 (d:/latex/texlive/2024/texmf-dist/tex/latex/amsfonts/umsb.fd
File: umsb.fd 2013/01/14 v3.01 AMS symbols B
) (./report.toc [1

])
\tf@toc=\write4
\openout4 = `report.toc'.

 [2] [3]

Package fontspec Info: Could not resolve font "FangSong/BI" (it probably
(fontspec)             doesn't exist).


Package fontspec Info: Could not resolve font "FangSong/B" (it probably
(fontspec)             doesn't exist).


Package fontspec Info: Could not resolve font "FangSong/I" (it probably
(fontspec)             doesn't exist).


Package fontspec Info: Font family 'FangSong(0)' created for font 'FangSong'
(fontspec)             with options [Script={CJK}].
(fontspec)              
(fontspec)              This font family consists of the following NFSS
(fontspec)             series/shapes:
(fontspec)              
(fontspec)             - 'normal' (m/n) with NFSS spec.:
(fontspec)             <->"FangSong/OT:script=hani;language=dflt;"
(fontspec)             - 'small caps'  (m/sc) with NFSS spec.: 

 [4]
Package hyperref Info: bookmark level for unknown algorithm defaults to 0 on input line 194.

Overfull \hbox (4.32962pt too wide) in paragraph at lines 225--236
 [][] 
 []

[5] [6]
File: ../figure/average_mse.png Graphic file (type bmp)
<../figure/average_mse.png>
File: ../figure/average_mae.png Graphic file (type bmp)
<../figure/average_mae.png>
File: ../figure/average_R2.png Graphic file (type bmp)
<../figure/average_R2.png>
File: ../figure/heatmap_MSE.png Graphic file (type bmp)
<../figure/heatmap_MSE.png>
 [7]
File: ../figure/heatmap_MAE.png Graphic file (type bmp)
<../figure/heatmap_MAE.png>
File: ../figure/heatmap_R2.png Graphic file (type bmp)
<../figure/heatmap_R2.png>
File: ../figure/radar_r2.png Graphic file (type bmp)
<../figure/radar_r2.png>
 [8]
File: ../figure/bubble_plot.png Graphic file (type bmp)
<../figure/bubble_plot.png>
File: ../figure/parral.png Graphic file (type bmp)
<../figure/parral.png>
 [9]
Missing character: There is no ϵ (U+03F5) in font [lmroman10-regular]:mapping=tex-text;!
File: ../figure/cls_acc.png Graphic file (type bmp)
<../figure/cls_acc.png>

Overfull \hbox (46.03891pt too wide) in paragraph at lines 350--355
[]\TU/SimSun(0)/m/n/10 将 所 有 的 实 验 数 据 进 行 归 纳，|  得 到 以 下 指 标 \TU/lmr/m/n/10 (Accuracy,Precision(weighted),Recall(weighted),F1-score(weighted),AUC)
 []

File: ../figure/cls_prec.png Graphic file (type bmp)
<../figure/cls_prec.png>
[10]
File: ../figure/cls_rec.png Graphic file (type bmp)
<../figure/cls_rec.png>
File: ../figure/cls_f1.png Graphic file (type bmp)
<../figure/cls_f1.png>
File: ../figure/cls_auc.png Graphic file (type bmp)
<../figure/cls_auc.png>
 [11]
File: ../figure/radar_acc.png Graphic file (type bmp)
<../figure/radar_acc.png>
 [12] [13]
File: ../figure/reg_lr_ini.png Graphic file (type bmp)
<../figure/reg_lr_ini.png>
File: ../figure/reg_lr_sca.png Graphic file (type bmp)
<../figure/reg_lr_sca.png>
File: ../figure/reg_lr_pca.png Graphic file (type bmp)
<../figure/reg_lr_pca.png>
 [14]
File: ../figure/reg_lr_10s.png Graphic file (type bmp)
<../figure/reg_lr_10s.png>
File: ../figure/reg_lr_50s.png Graphic file (type bmp)
<../figure/reg_lr_50s.png>
File: ../figure/reg_lr_10sc.png Graphic file (type bmp)
<../figure/reg_lr_10sc.png>
 [15]
File: ../figure/reg_la_ini.png Graphic file (type bmp)
<../figure/reg_la_ini.png>
File: ../figure/reg_la_sca.png Graphic file (type bmp)
<../figure/reg_la_sca.png>
 [16]
File: ../figure/reg_la_pca.png Graphic file (type bmp)
<../figure/reg_la_pca.png>
File: ../figure/reg_la_10s.png Graphic file (type bmp)
<../figure/reg_la_10s.png>
File: ../figure/reg_la_50s.png Graphic file (type bmp)
<../figure/reg_la_50s.png>
 [17]
File: ../figure/reg_la_10sc.png Graphic file (type bmp)
<../figure/reg_la_10sc.png>
File: ../figure/reg_r_ini.png Graphic file (type bmp)
<../figure/reg_r_ini.png>
 [18]
File: ../figure/reg_r_sca.png Graphic file (type bmp)
<../figure/reg_r_sca.png>
File: ../figure/reg_r_pca.png Graphic file (type bmp)
<../figure/reg_r_pca.png>
 [19]
File: ../figure/reg_r_10s.png Graphic file (type bmp)
<../figure/reg_r_10s.png>
File: ../figure/reg_r_50s.png Graphic file (type bmp)
<../figure/reg_r_50s.png>
File: ../figure/reg_r_10sc.png Graphic file (type bmp)
<../figure/reg_r_10sc.png>
 [20]
File: ../figure/reg_rf_sca.png Graphic file (type bmp)
<../figure/reg_rf_sca.png>
File: ../figure/reg_rf_pca.png Graphic file (type bmp)
<../figure/reg_rf_pca.png>
 [21]
File: ../figure/reg_rf_10s.png Graphic file (type bmp)
<../figure/reg_rf_10s.png>
File: ../figure/reg_rf_50s.png Graphic file (type bmp)
<../figure/reg_rf_50s.png>
File: ../figure/reg_rf_10sc.png Graphic file (type bmp)
<../figure/reg_rf_10sc.png>
 [22]
File: ../figure/reg_svr_pca.png Graphic file (type bmp)
<../figure/reg_svr_pca.png>
File: ../figure/reg_svr_10s.png Graphic file (type bmp)
<../figure/reg_svr_10s.png>
 [23]
File: ../figure/reg_svr_50s.png Graphic file (type bmp)
<../figure/reg_svr_50s.png>
File: ../figure/reg_svr_10sc.png Graphic file (type bmp)
<../figure/reg_svr_10sc.png>
 [24]
File: ../figure/cls_knn_ini1.png Graphic file (type bmp)
<../figure/cls_knn_ini1.png>
File: ../figure/cls_knn_ini2.png Graphic file (type bmp)
<../figure/cls_knn_ini2.png>
File: ../figure/cls_knn_sca1.png Graphic file (type bmp)
<../figure/cls_knn_sca1.png>
File: ../figure/cls_knn_sca2.png Graphic file (type bmp)
<../figure/cls_knn_sca2.png>
 [25]
File: ../figure/cls_knn_lda1.png Graphic file (type bmp)
<../figure/cls_knn_lda1.png>
File: ../figure/cls_knn_lda2.png Graphic file (type bmp)
<../figure/cls_knn_lda2.png>
 [26]
File: ../figure/cls_knn_10s.png Graphic file (type bmp)
<../figure/cls_knn_10s.png>
File: ../figure/cls_knn_10s2.png Graphic file (type bmp)
<../figure/cls_knn_10s2.png>
File: ../figure/cls_knn_50s.png Graphic file (type bmp)
<../figure/cls_knn_50s.png>
File: ../figure/cls_knn_50s2.png Graphic file (type bmp)
<../figure/cls_knn_50s2.png>
 [27]
File: ../figure/cls_knn_10sc.png Graphic file (type bmp)
<../figure/cls_knn_10sc.png>
File: ../figure/cls_knn_10sc2.png Graphic file (type bmp)
<../figure/cls_knn_10sc2.png>
 [28]
File: ../figure/cls_log_ini1.png Graphic file (type bmp)
<../figure/cls_log_ini1.png>
File: ../figure/cls_log_ini2.png Graphic file (type bmp)
<../figure/cls_log_ini2.png>
File: ../figure/cls_log_sca1.png Graphic file (type bmp)
<../figure/cls_log_sca1.png>
File: ../figure/cls_log_sca2.png Graphic file (type bmp)
<../figure/cls_log_sca2.png>
 [29]
File: ../figure/cls_log_lda1.png Graphic file (type bmp)
<../figure/cls_log_lda1.png>
File: ../figure/cls_log_lda2.png Graphic file (type bmp)
<../figure/cls_log_lda2.png>
 [30]
File: ../figure/cls_log_10s.png Graphic file (type bmp)
<../figure/cls_log_10s.png>
File: ../figure/cls_log_10s2.png Graphic file (type bmp)
<../figure/cls_log_10s2.png>
File: ../figure/cls_log_50s.png Graphic file (type bmp)
<../figure/cls_log_50s.png>
File: ../figure/cls_log_50s2.png Graphic file (type bmp)
<../figure/cls_log_50s2.png>
 [31]
File: ../figure/cls_log_10sc.png Graphic file (type bmp)
<../figure/cls_log_10sc.png>
File: ../figure/cls_log_10sc2.png Graphic file (type bmp)
<../figure/cls_log_10sc2.png>
 [32]
File: ../figure/cls_lda_ini1.png Graphic file (type bmp)
<../figure/cls_lda_ini1.png>
File: ../figure/cls_lda_ini2.png Graphic file (type bmp)
<../figure/cls_lda_ini2.png>
File: ../figure/cls_lda_sca1.png Graphic file (type bmp)
<../figure/cls_lda_sca1.png>
File: ../figure/cls_lda_sca2.png Graphic file (type bmp)
<../figure/cls_lda_sca2.png>
 [33]
File: ../figure/cls_lda_lda1.png Graphic file (type bmp)
<../figure/cls_lda_lda1.png>
File: ../figure/cls_lda_lda2.png Graphic file (type bmp)
<../figure/cls_lda_lda2.png>
 [34]
File: ../figure/cls_lda_10s.png Graphic file (type bmp)
<../figure/cls_lda_10s.png>
File: ../figure/cls_lda_10s2.png Graphic file (type bmp)
<../figure/cls_lda_10s2.png>
File: ../figure/cls_lda_50s.png Graphic file (type bmp)
<../figure/cls_lda_50s.png>
File: ../figure/cls_lda_50s2.png Graphic file (type bmp)
<../figure/cls_lda_50s2.png>
 [35]
File: ../figure/cls_lda_10sc.png Graphic file (type bmp)
<../figure/cls_lda_10sc.png>
File: ../figure/cls_lda_10sc2.png Graphic file (type bmp)
<../figure/cls_lda_10sc2.png>
 [36]
File: ../figure/cls_nb_ini1.png Graphic file (type bmp)
<../figure/cls_nb_ini1.png>
File: ../figure/cls_nb_ini2.png Graphic file (type bmp)
<../figure/cls_nb_ini2.png>
File: ../figure/cls_nb_sca1.png Graphic file (type bmp)
<../figure/cls_nb_sca1.png>
File: ../figure/cls_nb_sca2.png Graphic file (type bmp)
<../figure/cls_nb_sca2.png>
 [37]
File: ../figure/cls_nb_lda1.png Graphic file (type bmp)
<../figure/cls_nb_lda1.png>
File: ../figure/cls_nb_lda2.png Graphic file (type bmp)
<../figure/cls_nb_lda2.png>
File: ../figure/cls_nb_10s.png Graphic file (type bmp)
<../figure/cls_nb_10s.png>
File: ../figure/cls_nb_10s2.png Graphic file (type bmp)
<../figure/cls_nb_10s2.png>
 [38]
File: ../figure/cls_nb_50s.png Graphic file (type bmp)
<../figure/cls_nb_50s.png>
File: ../figure/cls_nb_50s2.png Graphic file (type bmp)
<../figure/cls_nb_50s2.png>
 [39]
File: ../figure/cls_nb_10sc.png Graphic file (type bmp)
<../figure/cls_nb_10sc.png>
File: ../figure/cls_nb_10sc2.png Graphic file (type bmp)
<../figure/cls_nb_10sc2.png>
File: ../figure/cls_rf_lda1.png Graphic file (type bmp)
<../figure/cls_rf_lda1.png>
File: ../figure/cls_rf_lda2.png Graphic file (type bmp)
<../figure/cls_rf_lda2.png>
 [40]
File: ../figure/cls_rf_10s.png Graphic file (type bmp)
<../figure/cls_rf_10s.png>
File: ../figure/cls_rf_10s2.png Graphic file (type bmp)
<../figure/cls_rf_10s2.png>
 [41]
File: ../figure/cls_rf_50s.png Graphic file (type bmp)
<../figure/cls_rf_50s.png>
File: ../figure/cls_rf_50s2.png Graphic file (type bmp)
<../figure/cls_rf_50s2.png>
File: ../figure/cls_rf_10sc.png Graphic file (type bmp)
<../figure/cls_rf_10sc.png>
File: ../figure/cls_rf_10sc2.png Graphic file (type bmp)
<../figure/cls_rf_10sc2.png>
 [42]
File: ../figure/cls_svm_lda1.png Graphic file (type bmp)
<../figure/cls_svm_lda1.png>
File: ../figure/cls_svm_lda2.png Graphic file (type bmp)
<../figure/cls_svm_lda2.png>
 [43]
File: ../figure/cls_svm_10s.png Graphic file (type bmp)
<../figure/cls_svm_10s.png>
File: ../figure/cls_svm_10s2.png Graphic file (type bmp)
<../figure/cls_svm_10s2.png>
File: ../figure/cls_svm_10sc.png Graphic file (type bmp)
<../figure/cls_svm_10sc.png>
File: ../figure/cls_svm_10sc2.png Graphic file (type bmp)
<../figure/cls_svm_10sc2.png>
 [44] [45] (./report.aux)
 ***********
LaTeX2e <2023-11-01> patch level 1
L3 programming layer <2022/07/14>
 ***********


LaTeX Warning: Label(s) may have changed. Rerun to get cross-references right.

Package rerunfilecheck Info: File `report.out' has not changed.
(rerunfilecheck)             Checksum: FE3A3FC488698DA7D38A3C7750B6C463;3405.
 ) 
Here is how much of TeX's memory you used:
 21687 strings out of 474773
 458393 string characters out of 5758620
 1945842 words of memory out of 5000000
 43399 multiletter control sequences out of 15000+600000
 562461 words of font info for 83 fonts, out of 8000000 for 9000
 1348 hyphenation exceptions out of 8191
 93i,12n,97p,421b,539s stack positions out of 10000i,1000n,20000p,200000b,200000s

Output written on report.pdf (45 pages).
