\BOOKMARK [1][-]{section.1}{\376\377\131\047\117\134\116\032\151\202\213\272}{}% 1
\BOOKMARK [1][-]{section.2}{\376\377\145\160\143\156\116\016\116\373\122\241\143\317\217\360}{}% 2
\BOOKMARK [2][-]{subsection.2.1}{\376\377\145\160\143\156\147\145\156\220\116\016\133\127\153\265\173\200\116\313}{section.2}% 3
\BOOKMARK [2][-]{subsection.2.2}{\376\377\230\204\155\113\116\373\122\241}{section.2}% 4
\BOOKMARK [1][-]{section.3}{\376\377\145\160\143\156\230\204\131\004\164\006}{}% 5
\BOOKMARK [1][-]{section.4}{\376\377\162\171\137\201\133\146\116\140}{}% 6
\BOOKMARK [2][-]{subsection.4.1}{\376\377\000P\000C\000A\000\240\377\010\126\336\137\122\116\373\122\241\377\011}{section.4}% 7
\BOOKMARK [2][-]{subsection.4.2}{\376\377\000L\000D\000A\000\240\377\010\122\006\174\173\116\373\122\241\377\011}{section.4}% 8
\BOOKMARK [2][-]{subsection.4.3}{\376\377\000S\000e\000l\000e\000c\000t\000K\000B\000e\000s\000t\377\010\126\336\137\122\116\016\122\006\174\173\116\373\122\241\377\011}{section.4}% 9
\BOOKMARK [1][-]{section.5}{\376\377\133\236\232\214\145\160\143\156\226\306\124\010\226\306\000\040}{}% 10
\BOOKMARK [1][-]{section.6}{\376\377\133\236\232\214\213\276\213\241}{}% 11
\BOOKMARK [2][-]{subsection.6.1}{\376\377\156\332\122\250\230\204\155\113\173\126\165\145}{section.6}% 12
\BOOKMARK [2][-]{subsection.6.2}{\376\377\215\205\123\302\145\160\177\121\150\074}{section.6}% 13
\BOOKMARK [3][-]{subsubsection.6.2.1}{\376\377\126\336\137\122\152\041\127\213}{subsection.6.2}% 14
\BOOKMARK [3][-]{subsubsection.6.2.2}{\376\377\122\006\174\173\152\041\127\213}{subsection.6.2}% 15
\BOOKMARK [2][-]{subsection.6.3}{\376\377\213\304\117\060\143\007\150\007}{section.6}% 16
\BOOKMARK [2][-]{subsection.6.4}{\376\377\123\357\211\306\123\026}{section.6}% 17
\BOOKMARK [1][-]{section.7}{\376\377\133\236\232\214\176\323\147\234\116\016\122\006\147\220}{}% 18
\BOOKMARK [2][-]{subsection.7.1}{\376\377\126\336\137\122\116\373\122\241\176\323\147\234\116\016\122\006\147\220}{section.7}% 19
\BOOKMARK [2][-]{subsection.7.2}{\376\377\122\006\174\173\116\373\122\241\176\323\147\234\116\016\122\006\147\220}{section.7}% 20
\BOOKMARK [1][-]{section*.28}{\376\377\226\104\137\125\377\032\133\236\232\214\176\323\147\234}{}% 21
\BOOKMARK [1][-]{appendix.A}{\376\377\126\336\137\122\116\373\122\241\176\323\147\234}{}% 22
\BOOKMARK [2][-]{subsection.A.1}{\376\377\176\277\140\047\152\041\127\213}{appendix.A}% 23
\BOOKMARK [2][-]{subsection.A.2}{\376\377\000L\000a\000s\000s\000o\126\336\137\122\152\041\127\213}{appendix.A}% 24
\BOOKMARK [2][-]{subsection.A.3}{\376\377\000R\000i\000d\000g\000e\126\336\137\122\152\041\127\213}{appendix.A}% 25
\BOOKMARK [2][-]{subsection.A.4}{\376\377\226\217\147\072\150\356\147\227\152\041\127\213}{appendix.A}% 26
\BOOKMARK [2][-]{subsection.A.5}{\376\377\000S\000V\000R}{appendix.A}% 27
\BOOKMARK [1][-]{appendix.B}{\376\377\122\006\174\173\116\373\122\241\176\323\147\234}{}% 28
\BOOKMARK [2][-]{subsection.B.1}{\376\377\000K\000N\000N}{appendix.B}% 29
\BOOKMARK [2][-]{subsection.B.2}{\376\377\000L\000o\000g\000i\000s\000t\000i\000c}{appendix.B}% 30
\BOOKMARK [2][-]{subsection.B.3}{\376\377\000L\000D\000A}{appendix.B}% 31
\BOOKMARK [2][-]{subsection.B.4}{\376\377\215\035\123\366\145\257}{appendix.B}% 32
\BOOKMARK [2][-]{subsection.B.5}{\376\377\226\217\147\072\150\356\147\227}{appendix.B}% 33
\BOOKMARK [2][-]{subsection.B.6}{\376\377\000S\000V\000M}{appendix.B}% 34
